[2020-06-22 10:37:59] WARN : PriorityAction.java:16 - Priority element has been deprecated, please use <level> instead.
[2020-06-22 10:37:59] INFO : Log4jTest.java:17 - test라는 메서드를 사용한 PC의 아이피는 : 192.168.56.1
[2020-06-22 10:37:59] DEBUG: Log4jTest.java:24 - 디버그!!MemberVO [name=홍길동, age=24, phoneNum=null]
[2020-06-22 10:37:59] INFO : Log4jTest.java:25 - 인포!!
[2020-06-22 10:37:59] WARN : Log4jTest.java:26 - 워닝!!
[2020-06-22 10:37:59] ERROR: Log4jTest.java:27 - 에러!!
[2020-06-22 10:37:59] FATAL: Log4jTest.java:28 - 파탈에러!!
[2020-06-22 10:38:38] WARN : PriorityAction.java:16 - Priority element has been deprecated, please use <level> instead.
[2020-06-22 10:38:38] INFO : Log4jTest.java:17 - test라는 메서드를 사용한 PC의 아이피는 : 192.168.56.1
[2020-06-22 10:38:38] DEBUG: Log4jTest.java:24 - 디버그!!MemberVO [name=홍길동, age=24, phoneNum=null]
[2020-06-22 10:38:38] INFO : Log4jTest.java:25 - 인포!!
[2020-06-22 10:38:38] WARN : Log4jTest.java:26 - 워닝!!
[2020-06-22 10:38:38] ERROR: Log4jTest.java:27 - 에러!!
[2020-06-22 10:38:38] FATAL: Log4jTest.java:28 - 파탈에러!!
[2020-06-22 10:38:56] WARN : PriorityAction.java:16 - Priority element has been deprecated, please use <level> instead.
[2020-06-22 10:38:56] INFO : Log4jTest.java:17 - test라는 메서드를 사용한 PC의 아이피는 : 192.168.56.1
[2020-06-22 10:38:56] DEBUG: Log4jTest.java:24 - 디버그!!MemberVO [name=홍길동, age=24, phoneNum=null]
[2020-06-22 10:38:56] INFO : Log4jTest.java:25 - 인포!!
[2020-06-22 10:38:56] WARN : Log4jTest.java:26 - 워닝!!
[2020-06-22 10:38:56] ERROR: Log4jTest.java:27 - 에러!!
[2020-06-22 10:38:56] FATAL: Log4jTest.java:28 - 파탈에러!!
[2020-06-22 10:41:53] WARN : PriorityAction.java:16 - Priority element has been deprecated, please use <level> instead.
[2020-06-22 10:41:53] INFO : Log4jTest.java:17 - test라는 메서드를 사용한 PC의 아이피는 : 192.168.56.1
[2020-06-22 10:41:53] DEBUG: Log4jTest.java:24 - 디버그!!MemberVO [name=홍길동, age=24, phoneNum=null]
[2020-06-22 10:41:53] INFO : Log4jTest.java:25 - 인포!!
[2020-06-22 10:41:53] WARN : Log4jTest.java:26 - 워닝!!
[2020-06-22 10:41:53] ERROR: Log4jTest.java:27 - 에러!!
[2020-06-22 10:41:53] FATAL: Log4jTest.java:28 - 파탈에러!!
[2020-06-22 10:42:09] WARN : PriorityAction.java:16 - Priority element has been deprecated, please use <level> instead.
[2020-06-22 10:42:09] INFO : Log4jTest.java:17 - test라는 메서드를 사용한 PC의 아이피는 : 192.168.56.1
[2020-06-22 10:42:09] DEBUG: Log4jTest.java:24 - 디버그!!MemberVO [name=홍길동, age=24, phoneNum=null]
[2020-06-22 10:42:09] INFO : Log4jTest.java:25 - 인포!!
[2020-06-22 10:42:09] WARN : Log4jTest.java:26 - 워닝!!
[2020-06-22 10:42:09] ERROR: Log4jTest.java:27 - 에러!!
[2020-06-22 10:42:09] FATAL: Log4jTest.java:28 - 파탈에러!!
[2020-06-22 10:42:23] WARN : PriorityAction.java:16 - Priority element has been deprecated, please use <level> instead.
[2020-06-22 10:42:23] INFO : Log4jTest.java:17 - test라는 메서드를 사용한 PC의 아이피는 : 192.168.56.1
[2020-06-22 10:42:23] DEBUG: Log4jTest.java:24 - 디버그!!MemberVO [name=홍길동, age=24, phoneNum=null]
[2020-06-22 10:42:23] INFO : Log4jTest.java:25 - 인포!!
[2020-06-22 10:42:23] WARN : Log4jTest.java:26 - 워닝!!
[2020-06-22 10:42:23] ERROR: Log4jTest.java:27 - 에러!!
[2020-06-22 10:42:23] FATAL: Log4jTest.java:28 - 파탈에러!!
